<?xml version="1.0" encoding="UTF-8"?>
<!-- Generated by org.testng.reporters.JUnitXMLReporter -->
<testsuite ignored="13" hostname="Shubh_51" failures="0" tests="3" name="Test" time="0.104" errors="0" timestamp="2024-09-16T10:39:35 IST">
  <testcase classname="com.crm.tp.terns.basetest.BaseClass" name="@BeforeClass configBC" time="-1.726463375196E9">
    <failure type="org.testng.TestNGException" message="
Can inject only one of &amp;lt;ITestContext, XmlTest&amp;gt; into a @BeforeClass annotated configBC.
For more information on native dependency injection please refer to https://testng.org/doc/documentation-main.html#native-dependency-injection">
      <![CDATA[org.testng.TestNGException: 
Can inject only one of <ITestContext, XmlTest> into a @BeforeClass annotated configBC.
For more information on native dependency injection please refer to https://testng.org/doc/documentation-main.html#native-dependency-injection
at java.base/java.util.ArrayList.forEach(ArrayList.java:1511)
... Removed 22 stack frames]]>
    </failure>
  </testcase> <!-- @BeforeClass configBC -->
  <testcase classname="com.crm.tp.terns.basetest.BaseClass" name="@BeforeMethod configBM" time="0.0">
    <skipped/>
  </testcase> <!-- @BeforeMethod configBM -->
  <testcase classname="com.crm.tp.terns.basetest.BaseClass" name="@AfterMethod configAM" time="0.0">
    <skipped/>
  </testcase> <!-- @AfterMethod configAM -->
  <testcase classname="com.crm.tp.terns.basetest.BaseClass" name="@AfterClass configAC" time="0.0">
    <skipped/>
  </testcase> <!-- @AfterClass configAC -->
  <testcase classname="com.crm.tp.terns.basetest.BaseClass" name="@BeforeClass configBC" time="-1.726463375252E9">
    <failure type="org.testng.TestNGException" message="
Can inject only one of &amp;lt;ITestContext, XmlTest&amp;gt; into a @BeforeClass annotated configBC.
For more information on native dependency injection please refer to https://testng.org/doc/documentation-main.html#native-dependency-injection">
      <![CDATA[org.testng.TestNGException: 
Can inject only one of <ITestContext, XmlTest> into a @BeforeClass annotated configBC.
For more information on native dependency injection please refer to https://testng.org/doc/documentation-main.html#native-dependency-injection
at java.base/java.util.ArrayList.forEach(ArrayList.java:1511)
... Removed 22 stack frames]]>
    </failure>
  </testcase> <!-- @BeforeClass configBC -->
  <testcase classname="com.crm.tp.terns.basetest.BaseClass" name="@BeforeMethod configBM" time="0.0">
    <skipped/>
  </testcase> <!-- @BeforeMethod configBM -->
  <testcase classname="com.crm.tp.terns.basetest.BaseClass" name="@AfterMethod configAM" time="0.0">
    <skipped/>
  </testcase> <!-- @AfterMethod configAM -->
  <testcase classname="com.crm.tp.terns.basetest.BaseClass" name="@AfterClass configAC" time="0.0">
    <skipped/>
  </testcase> <!-- @AfterClass configAC -->
  <testcase classname="com.crm.tp.terns.basetest.BaseClass" name="@BeforeClass configBC" time="-1.726463375265E9">
    <failure type="org.testng.TestNGException" message="
Can inject only one of &amp;lt;ITestContext, XmlTest&amp;gt; into a @BeforeClass annotated configBC.
For more information on native dependency injection please refer to https://testng.org/doc/documentation-main.html#native-dependency-injection">
      <![CDATA[org.testng.TestNGException: 
Can inject only one of <ITestContext, XmlTest> into a @BeforeClass annotated configBC.
For more information on native dependency injection please refer to https://testng.org/doc/documentation-main.html#native-dependency-injection
at java.base/java.util.ArrayList.forEach(ArrayList.java:1511)
... Removed 22 stack frames]]>
    </failure>
  </testcase> <!-- @BeforeClass configBC -->
  <testcase classname="com.crm.tp.terns.basetest.BaseClass" name="@BeforeMethod configBM" time="0.0">
    <skipped/>
  </testcase> <!-- @BeforeMethod configBM -->
  <testcase classname="com.crm.tp.terns.basetest.BaseClass" name="@AfterMethod configAM" time="0.0">
    <skipped/>
  </testcase> <!-- @AfterMethod configAM -->
  <testcase classname="com.crm.tp.terns.basetest.BaseClass" name="@AfterClass configAC" time="0.0">
    <skipped/>
  </testcase> <!-- @AfterClass configAC -->
  <testcase classname="com.crm.tp.terns.quotestest.CreateQutoesTest" name="createQuoteWithMandatoryInformationTest" time="0.0">
    <skipped/>
  </testcase> <!-- createQuoteWithMandatoryInformationTest -->
  <testcase classname="com.crm.tp.terns.vendorstest.VendorTest" name="createVendorTest" time="0.0">
    <skipped/>
  </testcase> <!-- createVendorTest -->
  <testcase classname="com.crm.tp.terns.productstest.CreateProductTest" name="createProductWithMandatoryInformationTest" time="0.0">
    <skipped/>
  </testcase> <!-- createProductWithMandatoryInformationTest -->
  <testcase classname="com.crm.tp.terns.quotestest.DeleteQuoteTest" name="deleteAlreadyCreatedQuoteTest" time="0.0">
    <ignored/>
  </testcase> <!-- deleteAlreadyCreatedQuoteTest -->
  <testcase classname="com.crm.tp.terns.productstest.CreateProductTest" name="createProductWithProductImageInformationTest" time="0.0">
    <ignored/>
  </testcase> <!-- createProductWithProductImageInformationTest -->
  <testcase classname="com.crm.tp.terns.basetest.BaseClass" name="@BeforeSuite configBS" time="0.0">
    <ignored/>
  </testcase> <!-- @BeforeSuite configBS -->
  <testcase classname="com.crm.tp.terns.basetest.BaseClass" name="@AfterSuite configAS" time="0.0">
    <ignored/>
  </testcase> <!-- @AfterSuite configAS -->
  <testcase classname="com.crm.tp.terns.basetest.BaseClass" name="@AfterSuite configAS" time="0.0">
    <ignored/>
  </testcase> <!-- @AfterSuite configAS -->
  <testcase classname="com.crm.tp.terns.vendorstest.VendorTest" name="CreatevendorWithGLDDTest" time="0.0">
    <ignored/>
  </testcase> <!-- CreatevendorWithGLDDTest -->
  <testcase classname="com.crm.tp.terns.basetest.BaseClass" name="@BeforeSuite configBS" time="0.0">
    <ignored/>
  </testcase> <!-- @BeforeSuite configBS -->
  <testcase classname="com.crm.tp.terns.basetest.BaseClass" name="@AfterSuite configAS" time="0.0">
    <ignored/>
  </testcase> <!-- @AfterSuite configAS -->
  <testcase classname="com.crm.tp.terns.basetest.BaseClass" name="@BeforeSuite configBS" time="0.0">
    <ignored/>
  </testcase> <!-- @BeforeSuite configBS -->
  <testcase classname="com.crm.tp.terns.quotestest.EditQuotesTest" name="createQuoteAndEditSubjectOfQuoteTest" time="0.0">
    <ignored/>
  </testcase> <!-- createQuoteAndEditSubjectOfQuoteTest -->
  <testcase classname="com.crm.tp.terns.basetest.BaseClass" name="@BeforeSuite configBS" time="0.0">
    <ignored/>
  </testcase> <!-- @BeforeSuite configBS -->
  <testcase classname="com.crm.tp.terns.basetest.BaseClass" name="@AfterSuite configAS" time="0.0">
    <ignored/>
  </testcase> <!-- @AfterSuite configAS -->
  <testcase classname="com.crm.tp.terns.productstest.CreateProductTest" name="createProductWithSupportDateAndSalesDateTest" time="0.0">
    <ignored/>
  </testcase> <!-- createProductWithSupportDateAndSalesDateTest -->
</testsuite> <!-- Test -->
